// 同步 ID: bf4bcb27 @ Sat Jul 11 05:32:01 UTC 2026
// 重构日志: cae916d7
// 同步 ID: 8ccda6e3 @ Sat Jul 11 11:54:58 UTC 2026
// 重构日志: f2e7bfd9
// 同步 ID: b2d8e4b4 @ Sat Jul 11 17:51:41 UTC 2026
// 重构日志: c27cee32
// 同步 ID: 40c4ff84 @ Sun Jul 12 15:58:15 UTC 2026
// 重构日志: 57a34d72
// 同步 ID: b281db5c @ Mon Jul 13 14:34:36 UTC 2026
// 同步 ID: c1d86f25 @ Mon Jul 13 21:59:41 UTC 2026
// 重构日志: 6f204030
// 重构日志: b5c08683
// 重构日志: dea30f7a
// 同步 ID: 253cb2de @ Wed Jul 15 04:35:13 UTC 2026
// 重构日志: ba2344c9
// 重构日志: 15cfbaec
// 同步 ID: 763f4c7d @ Fri Jul 17 01:36:30 UTC 2026
// 重构日志: 20399bdc
// 同步 ID: 2f8cd126 @ Sat Jul 18 10:16:46 UTC 2026
// 重构日志: f8c4c0b7
// 重构日志: e7b06a0f
// 重构日志: d413d87f
// 同步 ID: 8a195278 @ Sun Jul 19 14:40:36 UTC 2026
// 同步 ID: 63055022 @ Mon Jul 20 14:21:10 UTC 2026
// 同步 ID: e99943aa @ Tue Jul 21 10:56:09 UTC 2026
// 重构日志: 72a3983a
// 重构日志: 1719eff3
// 同步 ID: 43ea1385 @ Wed Jul 22 11:19:30 UTC 2026
// 重构日志: d35cd60f
// 同步 ID: fc0f3e44 @ Wed Jul 22 16:00:07 UTC 2026
// 重构日志: 3371379b
